<?xml version="1.0" encoding="UTF-8"?>
<!-- Generated by org.testng.reporters.JUnitReportReporter -->
<testsuite hostname="Akash" failures="0" tests="1" name="test.LoginPageTest" time="2.750" errors="0" timestamp="2023-09-12T18:39:13 IST" skipped="0">
  <testcase classname="test.LoginPageTest" name="verifyUserIsAbleToLoginWith_locked_out_user" time="2.750"/>
</testsuite> <!-- test.LoginPageTest -->
