<?xml version="1.0" encoding="UTF-8"?>
<!-- Generated by org.testng.reporters.JUnitReportReporter -->
<testsuite hostname="Akash" failures="0" tests="1" name="test.CartPageTest" time="5.066" errors="0" timestamp="2023-09-12T17:13:37 IST" skipped="0">
  <testcase classname="test.CartPageTest" name="verifyUserIsAbleToClickOnProceedToCheckout" time="5.066"/>
</testsuite> <!-- test.CartPageTest -->
