<?xml version="1.0" encoding="UTF-8"?>
<!-- Generated by org.testng.reporters.JUnitReportReporter -->
<testsuite hostname="Akash" failures="0" tests="1" name="test.CartPageTest" time="5.006" errors="0" timestamp="2023-09-11T23:59:12 IST" skipped="0">
  <testcase classname="test.CartPageTest" name="verifyUserIsAbleToClickOnProceedToCheckout" time="5.006"/>
</testsuite> <!-- test.CartPageTest -->
