<?xml version="1.0" encoding="UTF-8"?>
<!-- Generated by org.testng.reporters.JUnitReportReporter -->
<testsuite hostname="Akash" failures="0" tests="2" name="test.CheckOutOverviewPageTest" time="9.212" errors="0" timestamp="2023-09-12T11:42:10 IST" skipped="0">
  <testcase classname="test.CheckOutOverviewPageTest" name="verifyProductPriceFromCheckOutOverViewPage" time="5.861"/>
  <testcase classname="test.CheckOutOverviewPageTest" name="verifyUserIsAbleTofinishOrder" time="3.351"/>
</testsuite> <!-- test.CheckOutOverviewPageTest -->
