<?xml version="1.0" encoding="UTF-8"?>
<!-- Generated by org.testng.reporters.JUnitReportReporter -->
<testsuite hostname="Akash" failures="0" tests="1" name="test.ProductPageTest" time="7.206" errors="0" timestamp="2023-09-11T18:45:04 IST" skipped="0">
  <testcase classname="test.ProductPageTest" name="verifyUserIsAbleToNavigateProductDescriptionPage" time="7.206"/>
</testsuite> <!-- test.ProductPageTest -->
