<?xml version="1.0" encoding="UTF-8"?>
<!-- Generated by org.testng.reporters.JUnitReportReporter -->
<testsuite hostname="Akash" failures="0" tests="1" name="test.CheckoutInformationPageTest" time="4.225" errors="0" timestamp="2023-09-12T09:33:21 IST" skipped="0">
  <testcase classname="test.CheckoutInformationPageTest" name="VerifyUserIsAbleToProceedToCheckout" time="4.225"/>
</testsuite> <!-- test.CheckoutInformationPageTest -->
