<?xml version="1.0" encoding="UTF-8"?>
<!-- Generated by org.testng.reporters.JUnitReportReporter -->
<testsuite hostname="Akash" failures="0" tests="4" name="test.LoginPageTest" time="16.088" errors="0" timestamp="2023-09-11T14:13:35 IST" skipped="0">
  <testcase classname="test.LoginPageTest" name="verifyUserIsAbleToLoginWithStanderdUser" time="4.720"/>
  <testcase classname="test.LoginPageTest" name="verifyUserIsAbleToLoginWith_locked_out_user" time="1.945"/>
  <testcase classname="test.LoginPageTest" name="verifyUserIsAbleToLoginWith_problem_user" time="2.109"/>
  <testcase classname="test.LoginPageTest" name="verifyUserIsAbleToLoginWith_performance_glitch_user" time="7.314"/>
</testsuite> <!-- test.LoginPageTest -->
