<?xml version="1.0" encoding="UTF-8"?>
<!-- Generated by org.testng.reporters.JUnitReportReporter -->
<testsuite hostname="Akash" failures="0" tests="1" name="test.ProductDetailPageTest" time="4.850" errors="0" timestamp="2023-09-11T16:19:28 IST" skipped="0">
  <testcase classname="test.ProductDetailPageTest" name="getProductNameTitle" time="4.850"/>
</testsuite> <!-- test.ProductDetailPageTest -->
